
=== Sat Jan 28 15:35:28 2023

Packages were changed.
Update Mode: mergeDefaultDependencies

The following packages were added:
  com.unity.collab-proxy@1.11.2
  com.unity.ide.rider@2.0.7
  com.unity.ide.visualstudio@2.0.11
  com.unity.ide.vscode@1.2.4
  com.unity.modules.ai@1.0.0
  com.unity.modules.androidjni@1.0.0
  com.unity.modules.animation@1.0.0
  com.unity.modules.assetbundle@1.0.0
  com.unity.modules.audio@1.0.0
  com.unity.modules.cloth@1.0.0
  com.unity.modules.director@1.0.0
  com.unity.modules.imageconversion@1.0.0
  com.unity.modules.imgui@1.0.0
  com.unity.modules.jsonserialize@1.0.0
  com.unity.modules.physics@1.0.0
  com.unity.modules.screencapture@1.0.0
  com.unity.modules.terrain@1.0.0
  com.unity.modules.terrainphysics@1.0.0
  com.unity.modules.tilemap@1.0.0
  com.unity.modules.ui@1.0.0
  com.unity.modules.uielements@1.0.0
  com.unity.modules.umbra@1.0.0
  com.unity.modules.unityanalytics@1.0.0
  com.unity.modules.unitywebrequestassetbundle@1.0.0
  com.unity.modules.unitywebrequestaudio@1.0.0
  com.unity.modules.unitywebrequesttexture@1.0.0
  com.unity.modules.unitywebrequestwww@1.0.0
  com.unity.modules.vehicles@1.0.0
  com.unity.modules.video@1.0.0
  com.unity.modules.vr@1.0.0
  com.unity.modules.wind@1.0.0
  com.unity.test-framework@1.1.29
  com.unity.textmeshpro@3.0.6
  com.unity.timeline@1.4.8
  com.unity.ugui@1.0.0
The following packages were updated:
  com.unity.xr.arcore from version 4.0.12 to 4.1.7
  com.unity.xr.arfoundation from version 4.0.12 to 4.1.7
  com.unity.xr.arkit from version 4.0.12 to 4.1.7
  com.unity.xr.management from version 4.0.1 to 4.0.7
  com.unity.xr.windowsmr from version 4.4.1 to 4.6.0

=== Sat Dec  2 12:58:42 2023

Packages were changed.
Update Mode: updateDependencies

The following packages were updated:
  com.unity.collab-proxy from version 1.11.2 to 1.17.6
  com.unity.ide.rider from version 2.0.7 to 3.0.16
  com.unity.render-pipelines.universal from version 10.6.0 to 10.10.1
  com.unity.shadergraph from version 10.6.0 to 10.10.1

=== Thu Feb 15 18:38:21 2024

Packages were changed.
Update Mode: updateDependencies

The following packages were updated:
  com.unity.collab-proxy from version 1.17.6 to 1.17.7
  com.unity.ide.rider from version 3.0.16 to 3.0.18
  com.unity.render-pipelines.universal from version 10.10.1 to 12.1.9
  com.unity.shadergraph from version 10.10.1 to 12.1.9
  com.unity.timeline from version 1.4.8 to 1.6.4
